Unable to capture context for thread 744 in process 5444, can not generate back trace
Unable to capture context for thread 6976 in process 5444, can not generate back trace
Unable to capture context for thread 6288 in process 5444, can not generate back trace
Exception at PC 0x000007FEFD41A06D
Exception at PC 0x000007FEFD41A06D
Unable to capture context for thread 5432 in process 5444, can not generate back trace
Unable to capture context for thread 7156 in process 5444, can not generate back trace
Exception at PC 0x000007FEFD41A06D
Unable to capture context for thread 5432 in process 5444, can not generate back trace
Exception at PC 0x000007FEEBC5BB93
Printing stacktrace...

Unable to capture context for thread 4736 in process 5444, can not generate back trace
Exception at PC 0x000007FEFD41A06D
Exception at PC 0x000007FEFD41A06D
Exception at PC 0x000007FEFD41A06D
Exception at PC 0x000007FEFD41A06D
Exception at PC 0x000007FEFD41A06D
Exception at PC 0x000007FEFD41A06D
Exception at PC 0x000007FEFD41A06D
Exception at PC 0x000007FEFD41A06D
Exception at PC 0x000007FEFD41A06D
Exception at PC 0x000007FEFD41A06D
Exception at PC 0x000007FEFD41A06D
Exception at PC 0x000007FEFD41A06D
Exception at PC 0x000007FEFD41A06D
Exception at PC 0x000007FEFD41A06D
Exception at PC 0x000007FEFD41A06D
[0]  [0x000007FEEBC5BB93]
[1]  [0x000007FEEBC5BB93]
[2]  [0x000007FEEBC5B4A1]
[3]  [0x000007FEEBC5B3EF]
[4]  [0x000007FEEBC419FE]
[5]  [0x000007FEEBC40ED1]
[6]  [0x000007FEEBC40D76]
[7]  [0x000007FEEBBE79F6]
[8]  [0x000007FEEBBD7AFB]
[9]  [0x000007FEEBCFE90A]
[10]  [0x000007FEEBD19F87]
[11]  [0x000007FEEBD1A05F]
[12] (BaseThreadInitThunk+0xd) [0x00000000773659CD]
[13] (RtlUserThreadStart+0x21) [0x000000007749A561]
Done
